[INFO] Scanning for projects...
[INFO]                                                                         
[INFO] ------------------------------------------------------------------------
[INFO] Building cw-model 0.0.1-SNAPSHOT
[INFO] ------------------------------------------------------------------------
[INFO] 
[INFO] --- maven-clean-plugin:3.0.0:clean (default-clean) @ cw-model ---
[INFO] Deleting /home/darthron/Scotland/Scotland Yard/target
[INFO] 
[INFO] --- maven-resources-plugin:3.0.1:resources (default-resources) @ cw-model ---
[INFO] Using 'UTF-8' encoding to copy filtered resources.
[INFO] Copying 35 resources
[INFO] 
[INFO] --- maven-compiler-plugin:3.6.0:compile (default-compile) @ cw-model ---
[INFO] Changes detected - recompiling the module!
[INFO] Compiling 78 source files to /home/darthron/Scotland/Scotland Yard/target/classes
[WARNING] /home/darthron/Scotland/Scotland Yard/src/main/java/uk/ac/bris/cs/scotlandyard/model/ScotlandYardModel.java:[257,46] unchecked call to add(E) as a member of the raw type java.util.List
[WARNING] /home/darthron/Scotland/Scotland Yard/src/main/java/uk/ac/bris/cs/scotlandyard/model/ScotlandYardModel.java:[260,52] unchecked method invocation: method unmodifiableList in class java.util.Collections is applied to given types
  required: java.util.List<? extends T>
  found: java.util.List
[WARNING] /home/darthron/Scotland/Scotland Yard/src/main/java/uk/ac/bris/cs/scotlandyard/model/ScotlandYardModel.java:[260,53] unchecked conversion
  required: java.util.List<? extends T>
  found:    java.util.List
[WARNING] /home/darthron/Scotland/Scotland Yard/src/main/java/uk/ac/bris/cs/scotlandyard/model/ScotlandYardModel.java:[260,52] unchecked conversion
  required: java.util.List<uk.ac.bris.cs.scotlandyard.model.Colour>
  found:    java.util.List
[WARNING] /home/darthron/Scotland/Scotland Yard/src/main/java/uk/ac/bris/cs/scotlandyard/model/ScotlandYardModel.java:[342,24] unchecked call to ImmutableGraph(uk.ac.bris.cs.gamekit.graph.Graph<V,D>) as a member of the raw type uk.ac.bris.cs.gamekit.graph.ImmutableGraph
[WARNING] /home/darthron/Scotland/Scotland Yard/src/main/java/uk/ac/bris/cs/scotlandyard/model/ScotlandYardModel.java:[342,24] unchecked conversion
  required: uk.ac.bris.cs.gamekit.graph.ImmutableGraph<java.lang.Integer,uk.ac.bris.cs.scotlandyard.model.Transport>
  found:    uk.ac.bris.cs.gamekit.graph.ImmutableGraph
[INFO] 
[INFO] --- maven-resources-plugin:3.0.1:testResources (default-testResources) @ cw-model ---
[INFO] Using 'UTF-8' encoding to copy filtered resources.
[INFO] Copying 1 resource
[INFO] 
[INFO] --- maven-compiler-plugin:3.6.0:testCompile (default-testCompile) @ cw-model ---
[INFO] Changes detected - recompiling the module!
[INFO] Compiling 13 source files to /home/darthron/Scotland/Scotland Yard/target/test-classes
[INFO] 
[INFO] --- maven-surefire-plugin:2.19.1:test (default-test) @ cw-model ---

-------------------------------------------------------
 T E S T S
-------------------------------------------------------
Running uk.ac.bris.cs.scotlandyard.model.ModelTest
AAAAAAAAA: 0
AAAAAAAAA: 0
AAAAAAAAA: 0
AAAAAAAAA: 0
AAAAAAAAA: 0
AAAAAAAAA: 0
AAAAAAAAA: 0
AAAAAAAAA: 0
Tests run: 114, Failures: 16, Errors: 7, Skipped: 0, Time elapsed: 0.833 sec <<< FAILURE! - in uk.ac.bris.cs.scotlandyard.model.ModelTest
testGameOverIfMrXCaptured[ScotlandYardModel](uk.ac.bris.cs.scotlandyard.model.ModelGameOverTest)  Time elapsed: 0.019 sec  <<< FAILURE!
org.junit.ComparisonFailure: expected:<[tru]e> but was:<[fals]e>
	at uk.ac.bris.cs.scotlandyard.model.ModelGameOverTest.testGameOverIfMrXCaptured(ModelGameOverTest.java:157)

testGameOverBeforeAnyRoundWithTerminatingConfiguration[ScotlandYardModel](uk.ac.bris.cs.scotlandyard.model.ModelGameOverTest)  Time elapsed: 0 sec  <<< FAILURE!
org.junit.ComparisonFailure: expected:<[tru]e> but was:<[fals]e>
	at uk.ac.bris.cs.scotlandyard.model.ModelGameOverTest.testGameOverBeforeAnyRoundWithTerminatingConfiguration(ModelGameOverTest.java:235)

testGameOverAfterAllRoundsUsed[ScotlandYardModel](uk.ac.bris.cs.scotlandyard.model.ModelGameOverTest)  Time elapsed: 0.001 sec  <<< FAILURE!
org.junit.ComparisonFailure: expected:<[tru]e> but was:<[fals]e>
	at uk.ac.bris.cs.scotlandyard.model.ModelGameOverTest.testGameOverAfterAllRoundsUsed(ModelGameOverTest.java:71)

testWinningPlayerOnlyContainsBlackIfMrXWins[ScotlandYardModel](uk.ac.bris.cs.scotlandyard.model.ModelGameOverTest)  Time elapsed: 0.002 sec  <<< FAILURE!
org.junit.ComparisonFailure: expected:<[tru]e> but was:<[fals]e>
	at uk.ac.bris.cs.scotlandyard.model.ModelGameOverTest.testWinningPlayerOnlyContainsBlackIfMrXWins(ModelGameOverTest.java:267)

testWinningPlayerOnlyContainAllDetectivesIfDetectiveWins[ScotlandYardModel](uk.ac.bris.cs.scotlandyard.model.ModelGameOverTest)  Time elapsed: 0.202 sec  <<< FAILURE!
org.assertj.core.api.SoftAssertionError: 

The following 2 assertions failed:
1) expected:<[tru]e> but was:<[fals]e>
at ModelGameOverTest.testWinningPlayerOnlyContainAllDetectivesIfDetectiveWins(ModelGameOverTest.java:288) expected:<[tru]e> but was:<[fals]e>
2) 
Expecting:
  <[]>
to contain only:
  <[Blue, Red]>
but could not find the following elements:
  <[Blue, Red]>

at ModelGameOverTest.testWinningPlayerOnlyContainAllDetectivesIfDetectiveWins(ModelGameOverTest.java:290)

	at uk.ac.bris.cs.scotlandyard.model.ModelGameOverTest.testWinningPlayerOnlyContainAllDetectivesIfDetectiveWins(ModelGameOverTest.java:291)

testStartRoundShouldThrowIfGameAlreadyOver[ScotlandYardModel](uk.ac.bris.cs.scotlandyard.model.ModelGameOverTest)  Time elapsed: 0.001 sec  <<< ERROR!
java.lang.Exception: Unexpected exception, expected<java.lang.IllegalStateException> but was<org.junit.ComparisonFailure>
	at uk.ac.bris.cs.scotlandyard.model.ModelGameOverTest.testStartRoundShouldThrowIfGameAlreadyOver(ModelGameOverTest.java:32)

testGameOverIfMrXStuck[ScotlandYardModel](uk.ac.bris.cs.scotlandyard.model.ModelGameOverTest)  Time elapsed: 0.001 sec  <<< FAILURE!
org.junit.ComparisonFailure: expected:<[tru]e> but was:<[fals]e>
	at uk.ac.bris.cs.scotlandyard.model.ModelGameOverTest.testGameOverIfMrXStuck(ModelGameOverTest.java:117)

testGameOverIfAllDetectivesStuck[ScotlandYardModel](uk.ac.bris.cs.scotlandyard.model.ModelGameOverTest)  Time elapsed: 0.005 sec  <<< FAILURE!
org.junit.ComparisonFailure: expected:<[tru]e> but was:<[fals]e>
	at uk.ac.bris.cs.scotlandyard.model.ModelGameOverTest.testGameOverIfAllDetectivesStuck(ModelGameOverTest.java:95)

testDetectiveWinsIfMrXCornered[ScotlandYardModel](uk.ac.bris.cs.scotlandyard.model.ModelGameOverTest)  Time elapsed: 0.001 sec  <<< FAILURE!
org.junit.ComparisonFailure: expected:<[tru]e> but was:<[fals]e>
	at uk.ac.bris.cs.scotlandyard.model.ModelGameOverTest.testDetectiveWinsIfMrXCornered(ModelGameOverTest.java:184)

testDetectiveWon[ScotlandYardModel](uk.ac.bris.cs.scotlandyard.model.ModelTwoPlayerPlayOutTest)  Time elapsed: 0.003 sec  <<< ERROR!
java.lang.IllegalArgumentException: The second move can not be performed from the destination of the first move
	at uk.ac.bris.cs.scotlandyard.model.ModelTwoPlayerPlayOutTest.testDetectiveWon(ModelTwoPlayerPlayOutTest.java:77)

testMrXWon[ScotlandYardModel](uk.ac.bris.cs.scotlandyard.model.ModelTwoPlayerPlayOutTest)  Time elapsed: 0.001 sec  <<< ERROR!
java.lang.IllegalArgumentException: The second move can not be performed from the destination of the first move
	at uk.ac.bris.cs.scotlandyard.model.ModelTwoPlayerPlayOutTest.testMrXWon(ModelTwoPlayerPlayOutTest.java:57)

testDetectiveWon[ScotlandYardModel](uk.ac.bris.cs.scotlandyard.model.ModelSixPlayerPlayOutTest)  Time elapsed: 0.002 sec  <<< ERROR!
java.lang.IllegalArgumentException: The second move can not be performed from the destination of the first move
	at uk.ac.bris.cs.scotlandyard.model.ModelSixPlayerPlayOutTest.testDetectiveWon(ModelSixPlayerPlayOutTest.java:103)

testMrXWon[ScotlandYardModel](uk.ac.bris.cs.scotlandyard.model.ModelSixPlayerPlayOutTest)  Time elapsed: 0.003 sec  <<< ERROR!
java.lang.IllegalArgumentException: The second move can not be performed from the destination of the first move
	at uk.ac.bris.cs.scotlandyard.model.ModelSixPlayerPlayOutTest.testMrXWon(ModelSixPlayerPlayOutTest.java:228)

testInitialPositionMatchFirstRound[ScotlandYardModel](uk.ac.bris.cs.scotlandyard.model.ModelRoundTest)  Time elapsed: 0.001 sec  <<< ERROR!
java.lang.IllegalArgumentException: The second move can not be performed from the destination of the first move
	at uk.ac.bris.cs.scotlandyard.model.ModelRoundTest.testInitialPositionMatchFirstRound(ModelRoundTest.java:58)

testMrXIsTheFirstToPlay[ScotlandYardModel](uk.ac.bris.cs.scotlandyard.model.ModelRoundTest)  Time elapsed: 0.001 sec  <<< ERROR!
java.lang.IllegalArgumentException: The second move can not be performed from the destination of the first move
	at uk.ac.bris.cs.scotlandyard.model.ModelRoundTest.testMrXIsTheFirstToPlay(ModelRoundTest.java:148)

testMrXLocationCorrectWithOneRevealRound[ScotlandYardModel](uk.ac.bris.cs.scotlandyard.model.ModelPlayerTest)  Time elapsed: 0.001 sec  <<< FAILURE!
org.junit.ComparisonFailure: expected:<[46]> but was:<[0]>
	at uk.ac.bris.cs.scotlandyard.model.ModelPlayerTest.testMrXLocationCorrectWithOneRevealRound(ModelPlayerTest.java:319)

testMrXLocationCorrectOnRevealRound[ScotlandYardModel](uk.ac.bris.cs.scotlandyard.model.ModelPlayerTest)  Time elapsed: 0.001 sec  <<< FAILURE!
org.junit.ComparisonFailure: expected:<[46]> but was:<[0]>
	at uk.ac.bris.cs.scotlandyard.model.ModelPlayerTest.testMrXLocationCorrectOnRevealRound(ModelPlayerTest.java:267)

testDetectiveTicketsGivenToMrXOnlyAfterUse[ScotlandYardModel](uk.ac.bris.cs.scotlandyard.model.ModelPlayerTest)  Time elapsed: 0.001 sec  <<< FAILURE!
org.junit.ComparisonFailure: expected:<[1]> but was:<[2]>
	at uk.ac.bris.cs.scotlandyard.model.ModelPlayerTest.testDetectiveTicketsGivenToMrXOnlyAfterUse(ModelPlayerTest.java:75)

testMrXMovesToDestinationAfterTicketMove[ScotlandYardModel](uk.ac.bris.cs.scotlandyard.model.ModelPlayerTest)  Time elapsed: 0.001 sec  <<< FAILURE!
org.junit.ComparisonFailure: expected:<[46]> but was:<[0]>
	at uk.ac.bris.cs.scotlandyard.model.ModelPlayerTest.testMrXMovesToDestinationAfterTicketMove(ModelPlayerTest.java:128)

testMrXLocationIsHisLastRevealLocationOnHiddenRound[ScotlandYardModel](uk.ac.bris.cs.scotlandyard.model.ModelPlayerTest)  Time elapsed: 0.002 sec  <<< FAILURE!
org.junit.ComparisonFailure: expected:<[46]> but was:<[0]>
	at uk.ac.bris.cs.scotlandyard.model.ModelPlayerTest.testMrXLocationIsHisLastRevealLocationOnHiddenRound(ModelPlayerTest.java:295)

testFinalMoveShouldNotifyMoveAndThenNotifyGameOver[ScotlandYardModel](uk.ac.bris.cs.scotlandyard.model.ModelSpectatorTest)  Time elapsed: 0.009 sec  <<< FAILURE!
org.mockito.exceptions.verification.VerificationInOrderFailure: 

Verification in order failure
Wanted but not invoked:
spectator.onGameOver(notNull(), [Black]);
-> at uk.ac.bris.cs.scotlandyard.model.ModelSpectatorTest.testFinalMoveShouldNotifyMoveAndThenNotifyGameOver(ModelSpectatorTest.java:358)
Wanted anywhere AFTER following interaction:
spectator.onMoveMade(
    uk.ac.bris.cs.scotlandyard.model.ScotlandYardModel@3e27ba32,
    Ticket[Red-(Taxi)->112]
);
-> at uk.ac.bris.cs.scotlandyard.model.ScotlandYardModel.notifySpectatorsMoveMade(ScotlandYardModel.java:602)

	at uk.ac.bris.cs.scotlandyard.model.ModelSpectatorTest.testFinalMoveShouldNotifyMoveAndThenNotifyGameOver(ModelSpectatorTest.java:358)

testMrXCaptureShouldNotifyMoveAndThenNotifyGameOver[ScotlandYardModel](uk.ac.bris.cs.scotlandyard.model.ModelSpectatorTest)  Time elapsed: 0.002 sec  <<< FAILURE!
org.mockito.exceptions.verification.VerificationInOrderFailure: 

Verification in order failure
Wanted but not invoked:
spectator.onGameOver(notNull(), [Red]);
-> at uk.ac.bris.cs.scotlandyard.model.ModelSpectatorTest.testMrXCaptureShouldNotifyMoveAndThenNotifyGameOver(ModelSpectatorTest.java:340)
Wanted anywhere AFTER following interaction:
spectator.onMoveMade(
    uk.ac.bris.cs.scotlandyard.model.ScotlandYardModel@58cbafc2,
    Ticket[Black-(Taxi)->46]
);
-> at uk.ac.bris.cs.scotlandyard.model.ScotlandYardModel.notifySpectatorsMoveMade(ScotlandYardModel.java:602)

	at uk.ac.bris.cs.scotlandyard.model.ModelSpectatorTest.testMrXCaptureShouldNotifyMoveAndThenNotifyGameOver(ModelSpectatorTest.java:340)

testGameOverShouldNotifyGameOverOnce[ScotlandYardModel](uk.ac.bris.cs.scotlandyard.model.ModelSpectatorTest)  Time elapsed: 0.004 sec  <<< FAILURE!
org.mockito.exceptions.verification.WantedButNotInvoked: 

Wanted but not invoked:
spectator.onGameOver(notNull(), [Red]);
-> at uk.ac.bris.cs.scotlandyard.model.ModelSpectatorTest.testGameOverShouldNotifyGameOverOnce(ModelSpectatorTest.java:322)

However, there were exactly 4 interactions with this mock:
spectator.onMoveMade(
    uk.ac.bris.cs.scotlandyard.model.ScotlandYardModel@7161d8d1,
    Ticket[Black-(Taxi)->46]
);
-> at uk.ac.bris.cs.scotlandyard.model.ScotlandYardModel.notifySpectatorsMoveMade(ScotlandYardModel.java:602)

spectator.onRoundStarted(
    uk.ac.bris.cs.scotlandyard.model.ScotlandYardModel@7161d8d1,
    1
);
-> at uk.ac.bris.cs.scotlandyard.model.ScotlandYardModel.notifySpectatorsRoundStarted(ScotlandYardModel.java:613)

spectator.onMoveMade(
    uk.ac.bris.cs.scotlandyard.model.ScotlandYardModel@7161d8d1,
    Ticket[Red-(Taxi)->46]
);
-> at uk.ac.bris.cs.scotlandyard.model.ScotlandYardModel.notifySpectatorsMoveMade(ScotlandYardModel.java:602)

spectator.onRotationComplete(
    uk.ac.bris.cs.scotlandyard.model.ScotlandYardModel@7161d8d1
);
-> at uk.ac.bris.cs.scotlandyard.model.ScotlandYardModel.notifySpectatorsRotationComplete(ScotlandYardModel.java:635)


	at uk.ac.bris.cs.scotlandyard.model.ModelSpectatorTest.testGameOverShouldNotifyGameOverOnce(ModelSpectatorTest.java:322)


Results :

Failed tests: 
  ModelGameOverTest.testDetectiveWinsIfMrXCornered:184 expected:<[tru]e> but was:<[fals]e>
  ModelGameOverTest.testGameOverAfterAllRoundsUsed:71 expected:<[tru]e> but was:<[fals]e>
  ModelGameOverTest.testGameOverBeforeAnyRoundWithTerminatingConfiguration:235 expected:<[tru]e> but was:<[fals]e>
  ModelGameOverTest.testGameOverIfAllDetectivesStuck:95 expected:<[tru]e> but was:<[fals]e>
  ModelGameOverTest.testGameOverIfMrXCaptured:157 expected:<[tru]e> but was:<[fals]e>
  ModelGameOverTest.testGameOverIfMrXStuck:117 expected:<[tru]e> but was:<[fals]e>
  ModelGameOverTest.testWinningPlayerOnlyContainAllDetectivesIfDetectiveWins:291 
The following 2 assertions failed:
1) expected:<[tru]e> but was:<[fals]e>
at ModelGameOverTest.testWinningPlayerOnlyContainAllDetectivesIfDetectiveWins(ModelGameOverTest.java:288) expected:<[tru]e> but was:<[fals]e>
2) 
Expecting:
  <[]>
to contain only:
  <[Blue, Red]>
but could not find the following elements:
  <[Blue, Red]>

at ModelGameOverTest.testWinningPlayerOnlyContainAllDetectivesIfDetectiveWins(ModelGameOverTest.java:290)

  ModelGameOverTest.testWinningPlayerOnlyContainsBlackIfMrXWins:267 expected:<[tru]e> but was:<[fals]e>
  ModelPlayerTest.testDetectiveTicketsGivenToMrXOnlyAfterUse:75->ModelTestBase.assertTickets:242 expected:<[1]> but was:<[2]>
  ModelPlayerTest.testMrXLocationCorrectOnRevealRound:267 expected:<[46]> but was:<[0]>
  ModelPlayerTest.testMrXLocationCorrectWithOneRevealRound:319 expected:<[46]> but was:<[0]>
  ModelPlayerTest.testMrXLocationIsHisLastRevealLocationOnHiddenRound:295 expected:<[46]> but was:<[0]>
  ModelPlayerTest.testMrXMovesToDestinationAfterTicketMove:128 expected:<[46]> but was:<[0]>
  ModelSpectatorTest.testFinalMoveShouldNotifyMoveAndThenNotifyGameOver:358 
Verification in order failure
Wanted but not invoked:
spectator.onGameOver(notNull(), [Black]);
-> at uk.ac.bris.cs.scotlandyard.model.ModelSpectatorTest.testFinalMoveShouldNotifyMoveAndThenNotifyGameOver(ModelSpectatorTest.java:358)
Wanted anywhere AFTER following interaction:
spectator.onMoveMade(
    uk.ac.bris.cs.scotlandyard.model.ScotlandYardModel@3e27ba32,
    Ticket[Red-(Taxi)->112]
);
-> at uk.ac.bris.cs.scotlandyard.model.ScotlandYardModel.notifySpectatorsMoveMade(ScotlandYardModel.java:602)

  ModelSpectatorTest.testGameOverShouldNotifyGameOverOnce:322 
Wanted but not invoked:
spectator.onGameOver(notNull(), [Red]);
-> at uk.ac.bris.cs.scotlandyard.model.ModelSpectatorTest.testGameOverShouldNotifyGameOverOnce(ModelSpectatorTest.java:322)

However, there were exactly 4 interactions with this mock:
spectator.onMoveMade(
    uk.ac.bris.cs.scotlandyard.model.ScotlandYardModel@7161d8d1,
    Ticket[Black-(Taxi)->46]
);
-> at uk.ac.bris.cs.scotlandyard.model.ScotlandYardModel.notifySpectatorsMoveMade(ScotlandYardModel.java:602)

spectator.onRoundStarted(
    uk.ac.bris.cs.scotlandyard.model.ScotlandYardModel@7161d8d1,
    1
);
-> at uk.ac.bris.cs.scotlandyard.model.ScotlandYardModel.notifySpectatorsRoundStarted(ScotlandYardModel.java:613)

spectator.onMoveMade(
    uk.ac.bris.cs.scotlandyard.model.ScotlandYardModel@7161d8d1,
    Ticket[Red-(Taxi)->46]
);
-> at uk.ac.bris.cs.scotlandyard.model.ScotlandYardModel.notifySpectatorsMoveMade(ScotlandYardModel.java:602)

spectator.onRotationComplete(
    uk.ac.bris.cs.scotlandyard.model.ScotlandYardModel@7161d8d1
);
-> at uk.ac.bris.cs.scotlandyard.model.ScotlandYardModel.notifySpectatorsRotationComplete(ScotlandYardModel.java:635)


  ModelSpectatorTest.testMrXCaptureShouldNotifyMoveAndThenNotifyGameOver:340 
Verification in order failure
Wanted but not invoked:
spectator.onGameOver(notNull(), [Red]);
-> at uk.ac.bris.cs.scotlandyard.model.ModelSpectatorTest.testMrXCaptureShouldNotifyMoveAndThenNotifyGameOver(ModelSpectatorTest.java:340)
Wanted anywhere AFTER following interaction:
spectator.onMoveMade(
    uk.ac.bris.cs.scotlandyard.model.ScotlandYardModel@58cbafc2,
    Ticket[Black-(Taxi)->46]
);
-> at uk.ac.bris.cs.scotlandyard.model.ScotlandYardModel.notifySpectatorsMoveMade(ScotlandYardModel.java:602)

Tests in error: 
  ModelGameOverTest.testStartRoundShouldThrowIfGameAlreadyOver[ScotlandYardModel] » 
  ModelRoundTest.testInitialPositionMatchFirstRound:58->ModelTestBase.lambda$chooseFirst$4:469 » IllegalArgument
  ModelRoundTest.testMrXIsTheFirstToPlay:148->ModelTestBase.lambda$chooseFirst$4:469 » IllegalArgument
  ModelSixPlayerPlayOutTest.testDetectiveWon:103->ModelTestBase.startRoundUntil:367->ModelTestBase.lambda$tryChoose$3:447 » IllegalArgument
  ModelSixPlayerPlayOutTest.testMrXWon:228->ModelTestBase.startRoundUntil:367->ModelTestBase.lambda$tryChoose$3:447 » IllegalArgument
  ModelTwoPlayerPlayOutTest.testDetectiveWon:77->ModelTestBase.startRoundUntil:367->ModelTestBase.lambda$tryChoose$3:447 » IllegalArgument
  ModelTwoPlayerPlayOutTest.testMrXWon:57->ModelTestBase.startRoundUntil:367->ModelTestBase.lambda$tryChoose$3:447 » IllegalArgument

Tests run: 114, Failures: 16, Errors: 7, Skipped: 0

[INFO] ------------------------------------------------------------------------
[INFO] BUILD FAILURE
[INFO] ------------------------------------------------------------------------
[INFO] Total time: 4.608 s
[INFO] Finished at: 2017-03-20T18:38:11+00:00
[INFO] Final Memory: 25M/387M
[INFO] ------------------------------------------------------------------------
[ERROR] Failed to execute goal org.apache.maven.plugins:maven-surefire-plugin:2.19.1:test (default-test) on project cw-model: There are test failures.
[ERROR] 
[ERROR] Please refer to /home/darthron/Scotland/Scotland Yard/target/surefire-reports for the individual test results.
[ERROR] -> [Help 1]
[ERROR] 
[ERROR] To see the full stack trace of the errors, re-run Maven with the -e switch.
[ERROR] Re-run Maven using the -X switch to enable full debug logging.
[ERROR] 
[ERROR] For more information about the errors and possible solutions, please read the following articles:
[ERROR] [Help 1] http://cwiki.apache.org/confluence/display/MAVEN/MojoFailureException
